<?xml version="1.0" encoding="UTF-8"?>
<!-- Generated by org.testng.reporters.JUnitReportReporter -->
<testsuite hostname="DESKTOP-RB8DNTQ" failures="0" tests="1" name="page.AddPlace" time="2.846" errors="0" timestamp="2024-09-09T11:59:47 IST" skipped="0">
  <testcase classname="page.AddPlace" name="Addnewplacegoogle" time="2.846"/>
</testsuite> <!-- page.AddPlace -->
