<?xml version="1.0" encoding="UTF-8"?>
<!-- Generated by org.testng.reporters.JUnitReportReporter -->
<testsuite hostname="DESKTOP-RB8DNTQ" failures="0" tests="1" name="page.AddPlace" time="7.317" errors="0" timestamp="2024-09-08T23:59:10 IST" skipped="0">
  <testcase classname="page.AddPlace" name="Addnewplacegoogle" time="7.317"/>
</testsuite> <!-- page.AddPlace -->
